<?xml version="1.0" encoding="UTF-8"?>
<!-- Generated by org.testng.reporters.JUnitReportReporter -->
<testsuite hostname="DESKTOP-B3CJIN7" failures="0" tests="1" name="testingFramework.CreateUser" time="2.435" errors="0" timestamp="2025-07-18T18:59:15 IST" skipped="0">
  <testcase classname="testingFramework.CreateUser" name="createUser1" time="2.435"/>
</testsuite> <!-- testingFramework.CreateUser -->
