<?xml version="1.0" encoding="UTF-8"?>
<!-- Generated by org.testng.reporters.JUnitReportReporter -->
<testsuite hostname="DESKTOP-B3CJIN7" failures="0" tests="1" name="tests.Create2" time="4.324" errors="0" timestamp="2025-08-11T19:56:35 IST" skipped="0">
  <testcase classname="tests.Create2" name="testCreateUser" time="4.324"/>
</testsuite> <!-- tests.Create2 -->
