<?xml version="1.0" encoding="UTF-8"?>
<!-- Generated by org.testng.reporters.JUnitReportReporter -->
<testsuite hostname="DESKTOP-B3CJIN7" failures="0" tests="1" name="tests.GetPetByStatus" time="1.011" errors="0" timestamp="2025-08-11T19:39:04 IST" skipped="0">
  <testcase classname="tests.GetPetByStatus" name="getPetByStatus1" time="1.011"/>
</testsuite> <!-- tests.GetPetByStatus -->
