<?xml version="1.0" encoding="UTF-8"?>
<!-- Generated by org.testng.reporters.JUnitReportReporter -->
<testsuite hostname="DESKTOP-B3CJIN7" failures="0" tests="1" name="tests.LoginUser" time="1.099" errors="0" timestamp="2025-08-14T17:03:33 IST" skipped="0">
  <testcase classname="tests.LoginUser" name="LoginUserdetails" time="1.099"/>
</testsuite> <!-- tests.LoginUser -->
