<?xml version="1.0" encoding="UTF-8"?>
<!-- Generated by org.testng.reporters.JUnitReportReporter -->
<testsuite hostname="DESKTOP-B3CJIN7" failures="0" tests="1" name="tests.GetUser" time="2.376" errors="0" timestamp="2025-08-14T17:03:33 IST" skipped="0">
  <testcase classname="tests.GetUser" name="getuserdetails" time="2.376"/>
</testsuite> <!-- tests.GetUser -->
