<?xml version="1.0" encoding="UTF-8"?>
<!-- Generated by org.testng.reporters.JUnitReportReporter -->
<testsuite hostname="DESKTOP-B3CJIN7" failures="0" tests="1" name="tests.DeleteUser" time="0.673" errors="0" timestamp="2025-08-04T14:51:27 IST" skipped="0">
  <testcase classname="tests.DeleteUser" name="deleteUserTest" time="0.673"/>
</testsuite> <!-- tests.DeleteUser -->
