<?xml version="1.0" encoding="UTF-8"?>
<!-- Generated by org.testng.reporters.JUnitReportReporter -->
<testsuite hostname="DESKTOP-B3CJIN7" failures="0" tests="1" name="tests.GetPetById" time="0.690" errors="0" timestamp="2025-08-11T19:39:04 IST" skipped="0">
  <testcase classname="tests.GetPetById" name="getPetByStatus1" time="0.690"/>
</testsuite> <!-- tests.GetPetById -->
