<?xml version="1.0" encoding="UTF-8"?>
<!-- Generated by org.testng.reporters.JUnitReportReporter -->
<testsuite hostname="DESKTOP-B3CJIN7" failures="0" tests="1" name="tests.CreatePet" time="3.722" errors="0" timestamp="2025-08-11T19:39:04 IST" skipped="0">
  <testcase classname="tests.CreatePet" name="addPet" time="3.722"/>
</testsuite> <!-- tests.CreatePet -->
