<?xml version="1.0" encoding="UTF-8"?>
<!-- Generated by org.testng.reporters.JUnitReportReporter -->
<testsuite hostname="DESKTOP-B3CJIN7" failures="0" tests="3" name="tests.UserAPITests" time="5.549" errors="0" timestamp="2025-07-28T16:39:58 IST" skipped="0">
  <testcase classname="tests.UserAPITests" name="testCreateUser" time="3.754"/>
  <testcase classname="tests.UserAPITests" name="getUser" time="0.723"/>
  <testcase classname="tests.UserAPITests" name="LoginUser" time="1.072"/>
</testsuite> <!-- tests.UserAPITests -->
